{"C:\\Users\\USER\\Desktop\\LIM017-cipher\\src\\cipher.js": {"path":"C:\\Users\\USER\\Desktop\\LIM017-cipher\\src\\cipher.js","statementMap":{"0":{"start":{"line":2,"column":18},"end":{"line":54,"column":1}},"1":{"start":{"line":4,"column":19},"end":{"line":4,"column":21}},"2":{"start":{"line":6,"column":8},"end":{"line":8,"column":6}},"3":{"start":{"line":7,"column":8},"end":{"line":7,"column":81}},"4":{"start":{"line":9,"column":5},"end":{"line":9,"column":26}},"5":{"start":{"line":10,"column":5},"end":{"line":10,"column":26}},"6":{"start":{"line":12,"column":6},"end":{"line":19,"column":7}},"7":{"start":{"line":12,"column":19},"end":{"line":12,"column":20}},"8":{"start":{"line":13,"column":26},"end":{"line":13,"column":46}},"9":{"start":{"line":14,"column":10},"end":{"line":16,"column":11}},"10":{"start":{"line":15,"column":12},"end":{"line":15,"column":81}},"11":{"start":{"line":22,"column":7},"end":{"line":22,"column":27}},"12":{"start":{"line":23,"column":7},"end":{"line":23,"column":21}},"13":{"start":{"line":27,"column":19},"end":{"line":27,"column":21}},"14":{"start":{"line":29,"column":7},"end":{"line":31,"column":6}},"15":{"start":{"line":30,"column":8},"end":{"line":30,"column":81}},"16":{"start":{"line":32,"column":5},"end":{"line":32,"column":26}},"17":{"start":{"line":33,"column":5},"end":{"line":33,"column":26}},"18":{"start":{"line":40,"column":6},"end":{"line":47,"column":6}},"19":{"start":{"line":40,"column":19},"end":{"line":40,"column":20}},"20":{"start":{"line":41,"column":26},"end":{"line":41,"column":46}},"21":{"start":{"line":42,"column":10},"end":{"line":44,"column":12}},"22":{"start":{"line":43,"column":12},"end":{"line":43,"column":81}},"23":{"start":{"line":50,"column":11},"end":{"line":50,"column":31}},"24":{"start":{"line":51,"column":12},"end":{"line":51,"column":26}}},"fnMap":{"0":{"name":"(anonymous_0)","decl":{"start":{"line":3,"column":14},"end":{"line":3,"column":15}},"loc":{"start":{"line":3,"column":34},"end":{"line":24,"column":3}},"line":3},"1":{"name":"(anonymous_1)","decl":{"start":{"line":26,"column":14},"end":{"line":26,"column":15}},"loc":{"start":{"line":26,"column":34},"end":{"line":53,"column":7}},"line":26}},"branchMap":{"0":{"loc":{"start":{"line":6,"column":8},"end":{"line":8,"column":6}},"type":"if","locations":[{"start":{"line":6,"column":8},"end":{"line":8,"column":6}},{"start":{},"end":{}}],"line":6},"1":{"loc":{"start":{"line":6,"column":12},"end":{"line":6,"column":78}},"type":"binary-expr","locations":[{"start":{"line":6,"column":12},"end":{"line":6,"column":38}},{"start":{"line":6,"column":42},"end":{"line":6,"column":78}}],"line":6},"2":{"loc":{"start":{"line":14,"column":10},"end":{"line":16,"column":11}},"type":"if","locations":[{"start":{"line":14,"column":10},"end":{"line":16,"column":11}},{"start":{},"end":{}}],"line":14},"3":{"loc":{"start":{"line":14,"column":14},"end":{"line":14,"column":47}},"type":"binary-expr","locations":[{"start":{"line":14,"column":14},"end":{"line":14,"column":29}},{"start":{"line":14,"column":33},"end":{"line":14,"column":47}}],"line":14},"4":{"loc":{"start":{"line":29,"column":7},"end":{"line":31,"column":6}},"type":"if","locations":[{"start":{"line":29,"column":7},"end":{"line":31,"column":6}},{"start":{},"end":{}}],"line":29},"5":{"loc":{"start":{"line":29,"column":11},"end":{"line":29,"column":77}},"type":"binary-expr","locations":[{"start":{"line":29,"column":11},"end":{"line":29,"column":37}},{"start":{"line":29,"column":41},"end":{"line":29,"column":77}}],"line":29},"6":{"loc":{"start":{"line":42,"column":10},"end":{"line":44,"column":12}},"type":"if","locations":[{"start":{"line":42,"column":10},"end":{"line":44,"column":12}},{"start":{},"end":{}}],"line":42},"7":{"loc":{"start":{"line":42,"column":14},"end":{"line":42,"column":47}},"type":"binary-expr","locations":[{"start":{"line":42,"column":14},"end":{"line":42,"column":29}},{"start":{"line":42,"column":33},"end":{"line":42,"column":47}}],"line":42}},"s":{"0":1,"1":5,"2":5,"3":4,"4":1,"5":1,"6":1,"7":1,"8":26,"9":26,"10":26,"11":1,"12":1,"13":5,"14":5,"15":4,"16":1,"17":1,"18":1,"19":1,"20":26,"21":26,"22":26,"23":1,"24":1},"f":{"0":5,"1":5},"b":{"0":[4,1],"1":[5,4],"2":[26,0],"3":[26,26],"4":[4,1],"5":[5,4],"6":[26,0],"7":[26,26]},"_coverageSchema":"1a1c01bbd47fc00a2c39e90264f33305004495a9","hash":"4aae8643679befb77a0fc27c674ba059f3be0e55"}
}
