{"C:\\Users\\USER\\Desktop\\LIM017-cipher\\src\\cipher.js": {"path":"C:\\Users\\USER\\Desktop\\LIM017-cipher\\src\\cipher.js","statementMap":{"0":{"start":{"line":2,"column":18},"end":{"line":31,"column":1}},"1":{"start":{"line":4,"column":19},"end":{"line":4,"column":21}},"2":{"start":{"line":5,"column":6},"end":{"line":13,"column":7}},"3":{"start":{"line":5,"column":19},"end":{"line":5,"column":20}},"4":{"start":{"line":6,"column":26},"end":{"line":6,"column":46}},"5":{"start":{"line":7,"column":10},"end":{"line":9,"column":11}},"6":{"start":{"line":8,"column":12},"end":{"line":8,"column":81}},"7":{"start":{"line":15,"column":12},"end":{"line":15,"column":26}},"8":{"start":{"line":19,"column":19},"end":{"line":19,"column":21}},"9":{"start":{"line":20,"column":6},"end":{"line":27,"column":6}},"10":{"start":{"line":20,"column":19},"end":{"line":20,"column":20}},"11":{"start":{"line":21,"column":26},"end":{"line":21,"column":46}},"12":{"start":{"line":22,"column":10},"end":{"line":24,"column":12}},"13":{"start":{"line":23,"column":12},"end":{"line":23,"column":81}},"14":{"start":{"line":29,"column":12},"end":{"line":29,"column":26}}},"fnMap":{"0":{"name":"(anonymous_0)","decl":{"start":{"line":3,"column":14},"end":{"line":3,"column":15}},"loc":{"start":{"line":3,"column":34},"end":{"line":16,"column":3}},"line":3},"1":{"name":"(anonymous_1)","decl":{"start":{"line":18,"column":14},"end":{"line":18,"column":15}},"loc":{"start":{"line":18,"column":34},"end":{"line":30,"column":5}},"line":18}},"branchMap":{"0":{"loc":{"start":{"line":7,"column":10},"end":{"line":9,"column":11}},"type":"if","locations":[{"start":{"line":7,"column":10},"end":{"line":9,"column":11}},{"start":{},"end":{}}],"line":7},"1":{"loc":{"start":{"line":7,"column":14},"end":{"line":7,"column":47}},"type":"binary-expr","locations":[{"start":{"line":7,"column":14},"end":{"line":7,"column":29}},{"start":{"line":7,"column":33},"end":{"line":7,"column":47}}],"line":7},"2":{"loc":{"start":{"line":22,"column":10},"end":{"line":24,"column":12}},"type":"if","locations":[{"start":{"line":22,"column":10},"end":{"line":24,"column":12}},{"start":{},"end":{}}],"line":22},"3":{"loc":{"start":{"line":22,"column":14},"end":{"line":22,"column":47}},"type":"binary-expr","locations":[{"start":{"line":22,"column":14},"end":{"line":22,"column":29}},{"start":{"line":22,"column":33},"end":{"line":22,"column":47}}],"line":22}},"s":{"0":1,"1":4,"2":4,"3":4,"4":0,"5":0,"6":0,"7":2,"8":4,"9":4,"10":4,"11":0,"12":0,"13":0,"14":2},"f":{"0":4,"1":4},"b":{"0":[0,0],"1":[0,0],"2":[0,0],"3":[0,0]},"_coverageSchema":"1a1c01bbd47fc00a2c39e90264f33305004495a9","hash":"1120e65807e0b0196cc635a57db622bd19507b78"}
}
