TN:
SF:src\cipher.js
FN:3,(anonymous_0)
FN:26,(anonymous_1)
FNF:2
FNH:2
FNDA:5,(anonymous_0)
FNDA:5,(anonymous_1)
DA:2,1
DA:4,5
DA:6,5
DA:7,4
DA:9,1
DA:10,1
DA:12,1
DA:13,26
DA:14,26
DA:15,26
DA:22,1
DA:23,1
DA:27,5
DA:29,5
DA:30,4
DA:32,1
DA:33,1
DA:40,1
DA:41,26
DA:42,26
DA:43,26
DA:50,1
DA:51,1
LF:23
LH:23
BRDA:6,0,0,4
BRDA:6,0,1,1
BRDA:6,1,0,5
BRDA:6,1,1,4
BRDA:14,2,0,26
BRDA:14,2,1,0
BRDA:14,3,0,26
BRDA:14,3,1,26
BRDA:29,4,0,4
BRDA:29,4,1,1
BRDA:29,5,0,5
BRDA:29,5,1,4
BRDA:42,6,0,26
BRDA:42,6,1,0
BRDA:42,7,0,26
BRDA:42,7,1,26
BRF:16
BRH:14
end_of_record
